<?xml version="1.0" encoding="UTF-8"?>
<!-- Generated by org.testng.reporters.JUnitXMLReporter -->
<testsuite ignored="4" hostname="FEUJI-V005D" failures="0" tests="1" name="Default test" time="2.42" errors="0" timestamp="2024-02-22T17:20:34 IST">
  <testcase classname="com.restassured.test.ReqResAPITesting" name="updateUserByUserId" time="1.453"/>
  <testcase classname="com.restassured.test.ReqResAPITesting" name="deleteUserByUserId" time="0.0">
    <ignored/>
  </testcase> <!-- deleteUserByUserId -->
  <testcase classname="com.restassured.test.ReqResAPITesting" name="gettingUserByUserId" time="0.0">
    <ignored/>
  </testcase> <!-- gettingUserByUserId -->
  <testcase classname="com.restassured.test.ReqResAPITesting" name="gettingAllUsers" time="0.0">
    <ignored/>
  </testcase> <!-- gettingAllUsers -->
  <testcase classname="com.restassured.test.ReqResAPITesting" name="creatingUser" time="0.0">
    <ignored/>
  </testcase> <!-- creatingUser -->
</testsuite> <!-- Default test -->
