<?xml version="1.0" encoding="UTF-8"?>
<!-- Generated by org.testng.reporters.JUnitXMLReporter -->
<testsuite ignored="0" hostname="FEUJI-V005D" failures="0" tests="4" name="TestUser" time="8.832" errors="0" timestamp="2024-02-23T11:00:57 IST">
  <testcase classname="com.restassured.test.APIUserTesting" name="creatingUser" time="2.613"/>
  <testcase classname="com.restassured.test.APIUserTesting" name="gettingUserByUsername" time="1.283"/>
  <testcase classname="com.restassured.test.APIUserTesting" name="updateUserByUsername" time="2.576"/>
  <testcase classname="com.restassured.test.APIUserTesting" name="deleteUserByUsername" time="1.236"/>
</testsuite> <!-- TestUser -->
