<?xml version="1.0" encoding="UTF-8"?>
<!-- Generated by org.testng.reporters.JUnitXMLReporter -->
<testsuite ignored="0" hostname="FEUJI-V005D" failures="0" tests="5" name="TestReqResAPIs" time="1.98" errors="0" timestamp="2024-02-23T11:01:06 IST">
  <testcase classname="com.restassured.test.ReqResAPITesting" name="creatingUser" time="0.576"/>
  <testcase classname="com.restassured.test.ReqResAPITesting" name="gettingAllUsers" time="0.17"/>
  <testcase classname="com.restassured.test.ReqResAPITesting" name="gettingUserByUserId" time="0.151"/>
  <testcase classname="com.restassured.test.ReqResAPITesting" name="updateUserByUserId" time="0.438"/>
  <testcase classname="com.restassured.test.ReqResAPITesting" name="deleteUserByUserId" time="0.459"/>
</testsuite> <!-- TestReqResAPIs -->
