<?xml version="1.0" encoding="UTF-8"?>
<!-- Generated by org.testng.reporters.JUnitXMLReporter -->
<testsuite ignored="0" hostname="FEUJI-V005D" failures="0" tests="5" name="TestBooking" time="7.481" errors="0" timestamp="2024-02-23T11:01:04 IST">
  <testcase classname="com.restassured.test.APIBookingTesting" name="getToken" time="1.889"/>
  <testcase classname="com.restassured.test.APIBookingTesting" name="createBooking" time="1.603"/>
  <testcase classname="com.restassured.test.APIBookingTesting" name="getBooking" time="1.289"/>
  <testcase classname="com.restassured.test.APIBookingTesting" name="updateBooking" time="1.271"/>
  <testcase classname="com.restassured.test.APIBookingTesting" name="deleteBooking" time="1.28"/>
</testsuite> <!-- TestBooking -->
