<?xml version="1.0" encoding="UTF-8"?>
<!-- Generated by org.testng.reporters.JUnitXMLReporter -->
<testsuite ignored="4" hostname="FEUJI-V005D" failures="2" tests="14" name="Test" time="4.872" errors="0" timestamp="2024-02-23T10:31:25 IST">
  <testcase classname="com.restassured.base.Base" name="@AfterMethod getResult" time="0.002">
    <failure type="java.lang.NullPointerException" message="Cannot invoke &amp;quot;com.aventstack.extentreports.ExtentTest.log(com.aventstack.extentreports.Status, java.lang.Throwable)&amp;quot; because &amp;quot;this.test&amp;quot; is null">
      <![CDATA[java.lang.NullPointerException: Cannot invoke "com.aventstack.extentreports.ExtentTest.log(com.aventstack.extentreports.Status, java.lang.Throwable)" because "this.test" is null
at com.restassured.base.Base.getResult(Base.java:103)
at java.base/java.util.ArrayList.forEach(ArrayList.java:1511)
... Removed 32 stack frames]]>
    </failure>
  </testcase> <!-- @AfterMethod getResult -->
  <testcase classname="com.restassured.base.Base" name="@BeforeMethod beforeMethod" time="0.0">
    <skipped/>
  </testcase> <!-- @BeforeMethod beforeMethod -->
  <testcase classname="com.restassured.base.Base" name="@AfterMethod afterMethod" time="0.0">
    <skipped/>
  </testcase> <!-- @AfterMethod afterMethod -->
  <testcase classname="com.restassured.base.Base" name="@AfterMethod getResult" time="0.0">
    <skipped/>
  </testcase> <!-- @AfterMethod getResult -->
  <testcase classname="com.restassured.base.Base" name="@BeforeMethod beforeMethod" time="0.0">
    <skipped/>
  </testcase> <!-- @BeforeMethod beforeMethod -->
  <testcase classname="com.restassured.base.Base" name="@AfterMethod afterMethod" time="0.0">
    <skipped/>
  </testcase> <!-- @AfterMethod afterMethod -->
  <testcase classname="com.restassured.base.Base" name="@AfterMethod getResult" time="0.0">
    <skipped/>
  </testcase> <!-- @AfterMethod getResult -->
  <testcase classname="com.restassured.base.Base" name="@BeforeMethod beforeMethod" time="0.0">
    <skipped/>
  </testcase> <!-- @BeforeMethod beforeMethod -->
  <testcase classname="com.restassured.base.Base" name="@AfterMethod afterMethod" time="0.0">
    <skipped/>
  </testcase> <!-- @AfterMethod afterMethod -->
  <testcase classname="com.restassured.base.Base" name="@AfterMethod getResult" time="0.0">
    <skipped/>
  </testcase> <!-- @AfterMethod getResult -->
  <testcase classname="com.restassured.base.Base" name="@BeforeMethod beforeMethod" time="0.0">
    <skipped/>
  </testcase> <!-- @BeforeMethod beforeMethod -->
  <testcase classname="com.restassured.base.Base" name="@AfterMethod afterMethod" time="0.0">
    <skipped/>
  </testcase> <!-- @AfterMethod afterMethod -->
  <testcase classname="com.restassured.base.Base" name="@AfterMethod getResult" time="0.0">
    <skipped/>
  </testcase> <!-- @AfterMethod getResult -->
  <testcase classname="com.restassured.base.Base" name="@AfterMethod getResult" time="0.002">
    <failure type="java.lang.NullPointerException" message="Cannot invoke &amp;quot;com.aventstack.extentreports.ExtentTest.log(com.aventstack.extentreports.Status, java.lang.Throwable)&amp;quot; because &amp;quot;this.test&amp;quot; is null">
      <![CDATA[java.lang.NullPointerException: Cannot invoke "com.aventstack.extentreports.ExtentTest.log(com.aventstack.extentreports.Status, java.lang.Throwable)" because "this.test" is null
at com.restassured.base.Base.getResult(Base.java:103)
at java.base/java.util.ArrayList.forEach(ArrayList.java:1511)
... Removed 32 stack frames]]>
    </failure>
  </testcase> <!-- @AfterMethod getResult -->
  <testcase classname="com.restassured.base.Base" name="@BeforeMethod beforeMethod" time="0.0">
    <skipped/>
  </testcase> <!-- @BeforeMethod beforeMethod -->
  <testcase classname="com.restassured.base.Base" name="@AfterMethod afterMethod" time="0.0">
    <skipped/>
  </testcase> <!-- @AfterMethod afterMethod -->
  <testcase classname="com.restassured.base.Base" name="@AfterMethod getResult" time="0.0">
    <skipped/>
  </testcase> <!-- @AfterMethod getResult -->
  <testcase classname="com.restassured.base.Base" name="@BeforeMethod beforeMethod" time="0.0">
    <skipped/>
  </testcase> <!-- @BeforeMethod beforeMethod -->
  <testcase classname="com.restassured.base.Base" name="@AfterMethod afterMethod" time="0.0">
    <skipped/>
  </testcase> <!-- @AfterMethod afterMethod -->
  <testcase classname="com.restassured.base.Base" name="@AfterMethod getResult" time="0.0">
    <skipped/>
  </testcase> <!-- @AfterMethod getResult -->
  <testcase classname="com.restassured.base.Base" name="@BeforeMethod beforeMethod" time="0.0">
    <skipped/>
  </testcase> <!-- @BeforeMethod beforeMethod -->
  <testcase classname="com.restassured.base.Base" name="@AfterMethod afterMethod" time="0.0">
    <skipped/>
  </testcase> <!-- @AfterMethod afterMethod -->
  <testcase classname="com.restassured.base.Base" name="@AfterMethod getResult" time="0.0">
    <skipped/>
  </testcase> <!-- @AfterMethod getResult -->
  <testcase classname="com.restassured.test.ReqResAPITesting" name="creatingUser" time="2.155"/>
  <testcase classname="com.restassured.test.ReqResAPITesting" name="gettingAllUsers" time="0.196"/>
  <testcase classname="com.restassured.test.ReqResAPITesting" name="gettingUserByUserId" time="0.197"/>
  <testcase classname="com.restassured.test.ReqResAPITesting" name="updateUserByUserId" time="0.542"/>
  <testcase classname="com.restassured.test.ReqResAPITesting" name="deleteUserByUserId" time="0.514"/>
  <testcase classname="com.restassured.test.APIBookingTesting" name="getToken" time="0.002">
    <failure type="java.lang.NullPointerException" message="Cannot invoke &amp;quot;com.aventstack.extentreports.ExtentReports.createTest(String)&amp;quot; because &amp;quot;this.extentReports&amp;quot; is null">
      <![CDATA[java.lang.NullPointerException: Cannot invoke "com.aventstack.extentreports.ExtentReports.createTest(String)" because "this.extentReports" is null
at com.restassured.test.APIBookingTesting.getToken(APIBookingTesting.java:26)
at java.base/java.util.ArrayList.forEach(ArrayList.java:1511)
... Removed 27 stack frames]]>
    </failure>
  </testcase> <!-- getToken -->
  <testcase classname="com.restassured.test.APIBookingTesting" name="createBooking" time="0.0">
    <skipped/>
  </testcase> <!-- createBooking -->
  <testcase classname="com.restassured.test.APIBookingTesting" name="getBooking" time="0.0">
    <skipped/>
  </testcase> <!-- getBooking -->
  <testcase classname="com.restassured.test.APIBookingTesting" name="updateBooking" time="0.0">
    <skipped/>
  </testcase> <!-- updateBooking -->
  <testcase classname="com.restassured.test.APIBookingTesting" name="deleteBooking" time="0.0">
    <skipped/>
  </testcase> <!-- deleteBooking -->
  <testcase classname="com.restassured.test.APIUserTesting" name="creatingUser" time="0.001">
    <failure type="java.lang.NullPointerException" message="Cannot invoke &amp;quot;com.aventstack.extentreports.ExtentReports.createTest(String)&amp;quot; because &amp;quot;this.extentReports&amp;quot; is null">
      <![CDATA[java.lang.NullPointerException: Cannot invoke "com.aventstack.extentreports.ExtentReports.createTest(String)" because "this.extentReports" is null
at com.restassured.test.APIUserTesting.creatingUser(APIUserTesting.java:18)
at java.base/java.util.ArrayList.forEach(ArrayList.java:1511)
... Removed 27 stack frames]]>
    </failure>
  </testcase> <!-- creatingUser -->
  <testcase classname="com.restassured.test.APIUserTesting" name="gettingUserByUsername" time="0.0">
    <skipped/>
  </testcase> <!-- gettingUserByUsername -->
  <testcase classname="com.restassured.test.APIUserTesting" name="updateUserByUsername" time="0.0">
    <skipped/>
  </testcase> <!-- updateUserByUsername -->
  <testcase classname="com.restassured.test.APIUserTesting" name="deleteUserByUsername" time="0.0">
    <skipped/>
  </testcase> <!-- deleteUserByUsername -->
  <testcase classname="com.restassured.base.Base" name="@BeforeTest setUp" time="0.0">
    <ignored/>
  </testcase> <!-- @BeforeTest setUp -->
  <testcase classname="com.restassured.base.Base" name="@BeforeTest setUp" time="0.0">
    <ignored/>
  </testcase> <!-- @BeforeTest setUp -->
  <testcase classname="com.restassured.base.Base" name="@AfterTest endReport" time="0.0">
    <ignored/>
  </testcase> <!-- @AfterTest endReport -->
  <testcase classname="com.restassured.base.Base" name="@AfterTest endReport" time="0.0">
    <ignored/>
  </testcase> <!-- @AfterTest endReport -->
</testsuite> <!-- Test -->
