<?xml version="1.0" encoding="UTF-8"?>
<testng-results ignored="0" total="14" passed="14" failed="0" skipped="0">
  <reporter-output>
  </reporter-output>
  <suite started-at="2024-02-23T11:00:48 IST" name="Suite" finished-at="2024-02-23T11:01:06 IST" duration-ms="18318">
    <groups>
    </groups>
    <test started-at="2024-02-23T11:00:48 IST" name="TestUser" finished-at="2024-02-23T11:00:57 IST" duration-ms="8832">
      <class name="com.restassured.test.APIUserTesting">
        <test-method is-config="true" signature="setUp()[pri:0, instance:com.restassured.test.APIUserTesting@7a48e6e2]" started-at="2024-02-23T11:00:48 IST" name="setUp" finished-at="2024-02-23T11:00:48 IST" duration-ms="252" status="PASS">
          <reporter-output>
          </reporter-output>
        </test-method> <!-- setUp -->
        <test-method is-config="true" signature="setupData()[pri:0, instance:com.restassured.test.APIUserTesting@7a48e6e2]" started-at="2024-02-23T11:00:48 IST" name="setupData" finished-at="2024-02-23T11:00:49 IST" duration-ms="205" status="PASS">
          <reporter-output>
          </reporter-output>
        </test-method> <!-- setupData -->
        <test-method is-config="true" signature="beforeMethod()[pri:0, instance:com.restassured.test.APIUserTesting@7a48e6e2]" started-at="2024-02-23T11:00:49 IST" name="beforeMethod" finished-at="2024-02-23T11:00:49 IST" duration-ms="306" status="PASS">
          <reporter-output>
          </reporter-output>
        </test-method> <!-- beforeMethod -->
        <test-method signature="creatingUser()[pri:1, instance:com.restassured.test.APIUserTesting@7a48e6e2]" started-at="2024-02-23T11:00:49 IST" name="creatingUser" finished-at="2024-02-23T11:00:51 IST" duration-ms="2613" status="PASS">
          <reporter-output>
          </reporter-output>
        </test-method> <!-- creatingUser -->
        <test-method is-config="true" signature="afterMethod(org.testng.ITestResult)[pri:0, instance:com.restassured.test.APIUserTesting@7a48e6e2]" started-at="2024-02-23T11:00:51 IST" name="afterMethod" finished-at="2024-02-23T11:00:51 IST" duration-ms="2" status="PASS">
          <params>
            <param index="0">
              <value>
                <![CDATA[[TestResult name=creatingUser status=SUCCESS method=APIUserTesting.creatingUser()[pri:1, instance:com.restassured.test.APIUserTesting@7a48e6e2] output={null}]]]>
              </value>
            </param>
          </params>
          <reporter-output>
          </reporter-output>
        </test-method> <!-- afterMethod -->
        <test-method is-config="true" signature="getResult(org.testng.ITestResult)[pri:0, instance:com.restassured.test.APIUserTesting@7a48e6e2]" started-at="2024-02-23T11:00:51 IST" name="getResult" finished-at="2024-02-23T11:00:51 IST" duration-ms="7" status="PASS">
          <params>
            <param index="0">
              <value>
                <![CDATA[[TestResult name=creatingUser status=SUCCESS method=APIUserTesting.creatingUser()[pri:1, instance:com.restassured.test.APIUserTesting@7a48e6e2] output={null}]]]>
              </value>
            </param>
          </params>
          <reporter-output>
          </reporter-output>
        </test-method> <!-- getResult -->
        <test-method signature="gettingUserByUsername()[pri:2, instance:com.restassured.test.APIUserTesting@7a48e6e2]" started-at="2024-02-23T11:00:51 IST" name="gettingUserByUsername" finished-at="2024-02-23T11:00:53 IST" duration-ms="1283" status="PASS">
          <reporter-output>
          </reporter-output>
        </test-method> <!-- gettingUserByUsername -->
        <test-method is-config="true" signature="beforeMethod()[pri:0, instance:com.restassured.test.APIUserTesting@7a48e6e2]" started-at="2024-02-23T11:00:51 IST" name="beforeMethod" finished-at="2024-02-23T11:00:51 IST" duration-ms="0" status="PASS">
          <reporter-output>
          </reporter-output>
        </test-method> <!-- beforeMethod -->
        <test-method is-config="true" signature="afterMethod(org.testng.ITestResult)[pri:0, instance:com.restassured.test.APIUserTesting@7a48e6e2]" started-at="2024-02-23T11:00:53 IST" name="afterMethod" finished-at="2024-02-23T11:00:53 IST" duration-ms="2" status="PASS">
          <params>
            <param index="0">
              <value>
                <![CDATA[[TestResult name=gettingUserByUsername status=SUCCESS method=APIUserTesting.gettingUserByUsername()[pri:2, instance:com.restassured.test.APIUserTesting@7a48e6e2] output={null}]]]>
              </value>
            </param>
          </params>
          <reporter-output>
          </reporter-output>
        </test-method> <!-- afterMethod -->
        <test-method is-config="true" signature="getResult(org.testng.ITestResult)[pri:0, instance:com.restassured.test.APIUserTesting@7a48e6e2]" started-at="2024-02-23T11:00:53 IST" name="getResult" finished-at="2024-02-23T11:00:53 IST" duration-ms="2" status="PASS">
          <params>
            <param index="0">
              <value>
                <![CDATA[[TestResult name=gettingUserByUsername status=SUCCESS method=APIUserTesting.gettingUserByUsername()[pri:2, instance:com.restassured.test.APIUserTesting@7a48e6e2] output={null}]]]>
              </value>
            </param>
          </params>
          <reporter-output>
          </reporter-output>
        </test-method> <!-- getResult -->
        <test-method signature="updateUserByUsername()[pri:3, instance:com.restassured.test.APIUserTesting@7a48e6e2]" started-at="2024-02-23T11:00:53 IST" name="updateUserByUsername" finished-at="2024-02-23T11:00:55 IST" duration-ms="2576" status="PASS">
          <reporter-output>
          </reporter-output>
        </test-method> <!-- updateUserByUsername -->
        <test-method is-config="true" signature="beforeMethod()[pri:0, instance:com.restassured.test.APIUserTesting@7a48e6e2]" started-at="2024-02-23T11:00:53 IST" name="beforeMethod" finished-at="2024-02-23T11:00:53 IST" duration-ms="0" status="PASS">
          <reporter-output>
          </reporter-output>
        </test-method> <!-- beforeMethod -->
        <test-method is-config="true" signature="afterMethod(org.testng.ITestResult)[pri:0, instance:com.restassured.test.APIUserTesting@7a48e6e2]" started-at="2024-02-23T11:00:55 IST" name="afterMethod" finished-at="2024-02-23T11:00:55 IST" duration-ms="2" status="PASS">
          <params>
            <param index="0">
              <value>
                <![CDATA[[TestResult name=updateUserByUsername status=SUCCESS method=APIUserTesting.updateUserByUsername()[pri:3, instance:com.restassured.test.APIUserTesting@7a48e6e2] output={null}]]]>
              </value>
            </param>
          </params>
          <reporter-output>
          </reporter-output>
        </test-method> <!-- afterMethod -->
        <test-method is-config="true" signature="getResult(org.testng.ITestResult)[pri:0, instance:com.restassured.test.APIUserTesting@7a48e6e2]" started-at="2024-02-23T11:00:55 IST" name="getResult" finished-at="2024-02-23T11:00:55 IST" duration-ms="4" status="PASS">
          <params>
            <param index="0">
              <value>
                <![CDATA[[TestResult name=updateUserByUsername status=SUCCESS method=APIUserTesting.updateUserByUsername()[pri:3, instance:com.restassured.test.APIUserTesting@7a48e6e2] output={null}]]]>
              </value>
            </param>
          </params>
          <reporter-output>
          </reporter-output>
        </test-method> <!-- getResult -->
        <test-method is-config="true" signature="beforeMethod()[pri:0, instance:com.restassured.test.APIUserTesting@7a48e6e2]" started-at="2024-02-23T11:00:55 IST" name="beforeMethod" finished-at="2024-02-23T11:00:55 IST" duration-ms="1" status="PASS">
          <reporter-output>
          </reporter-output>
        </test-method> <!-- beforeMethod -->
        <test-method signature="deleteUserByUsername()[pri:4, instance:com.restassured.test.APIUserTesting@7a48e6e2]" started-at="2024-02-23T11:00:55 IST" name="deleteUserByUsername" finished-at="2024-02-23T11:00:57 IST" duration-ms="1236" status="PASS">
          <reporter-output>
          </reporter-output>
        </test-method> <!-- deleteUserByUsername -->
        <test-method is-config="true" signature="afterMethod(org.testng.ITestResult)[pri:0, instance:com.restassured.test.APIUserTesting@7a48e6e2]" started-at="2024-02-23T11:00:57 IST" name="afterMethod" finished-at="2024-02-23T11:00:57 IST" duration-ms="1" status="PASS">
          <params>
            <param index="0">
              <value>
                <![CDATA[[TestResult name=deleteUserByUsername status=SUCCESS method=APIUserTesting.deleteUserByUsername()[pri:4, instance:com.restassured.test.APIUserTesting@7a48e6e2] output={null}]]]>
              </value>
            </param>
          </params>
          <reporter-output>
          </reporter-output>
        </test-method> <!-- afterMethod -->
        <test-method is-config="true" signature="getResult(org.testng.ITestResult)[pri:0, instance:com.restassured.test.APIUserTesting@7a48e6e2]" started-at="2024-02-23T11:00:57 IST" name="getResult" finished-at="2024-02-23T11:00:57 IST" duration-ms="3" status="PASS">
          <params>
            <param index="0">
              <value>
                <![CDATA[[TestResult name=deleteUserByUsername status=SUCCESS method=APIUserTesting.deleteUserByUsername()[pri:4, instance:com.restassured.test.APIUserTesting@7a48e6e2] output={null}]]]>
              </value>
            </param>
          </params>
          <reporter-output>
          </reporter-output>
        </test-method> <!-- getResult -->
        <test-method is-config="true" signature="endReport()[pri:0, instance:com.restassured.test.APIUserTesting@7a48e6e2]" started-at="2024-02-23T11:00:57 IST" name="endReport" finished-at="2024-02-23T11:00:57 IST" duration-ms="285" status="PASS">
          <reporter-output>
          </reporter-output>
        </test-method> <!-- endReport -->
      </class> <!-- com.restassured.test.APIUserTesting -->
    </test> <!-- TestUser -->
    <test started-at="2024-02-23T11:00:57 IST" name="TestBooking" finished-at="2024-02-23T11:01:04 IST" duration-ms="7481">
      <class name="com.restassured.test.APIBookingTesting">
        <test-method is-config="true" signature="setUp()[pri:0, instance:com.restassured.test.APIBookingTesting@625e134e]" started-at="2024-02-23T11:00:57 IST" name="setUp" finished-at="2024-02-23T11:00:57 IST" duration-ms="2" status="PASS">
          <reporter-output>
          </reporter-output>
        </test-method> <!-- setUp -->
        <test-method is-config="true" signature="setupData()[pri:0, instance:com.restassured.test.APIBookingTesting@625e134e]" started-at="2024-02-23T11:00:57 IST" name="setupData" finished-at="2024-02-23T11:00:57 IST" duration-ms="30" status="PASS">
          <reporter-output>
          </reporter-output>
        </test-method> <!-- setupData -->
        <test-method is-config="true" signature="beforeMethod()[pri:0, instance:com.restassured.test.APIBookingTesting@625e134e]" started-at="2024-02-23T11:00:57 IST" name="beforeMethod" finished-at="2024-02-23T11:00:57 IST" duration-ms="1" status="PASS">
          <reporter-output>
          </reporter-output>
        </test-method> <!-- beforeMethod -->
        <test-method signature="getToken()[pri:1, instance:com.restassured.test.APIBookingTesting@625e134e]" started-at="2024-02-23T11:00:57 IST" name="getToken" finished-at="2024-02-23T11:00:59 IST" duration-ms="1889" status="PASS">
          <reporter-output>
          </reporter-output>
        </test-method> <!-- getToken -->
        <test-method is-config="true" signature="getResult(org.testng.ITestResult)[pri:0, instance:com.restassured.test.APIBookingTesting@625e134e]" started-at="2024-02-23T11:00:59 IST" name="getResult" finished-at="2024-02-23T11:00:59 IST" duration-ms="1" status="PASS">
          <params>
            <param index="0">
              <value>
                <![CDATA[[TestResult name=getToken status=SUCCESS method=APIBookingTesting.getToken()[pri:1, instance:com.restassured.test.APIBookingTesting@625e134e] output={null}]]]>
              </value>
            </param>
          </params>
          <reporter-output>
          </reporter-output>
        </test-method> <!-- getResult -->
        <test-method is-config="true" signature="afterMethod(org.testng.ITestResult)[pri:0, instance:com.restassured.test.APIBookingTesting@625e134e]" started-at="2024-02-23T11:00:59 IST" name="afterMethod" finished-at="2024-02-23T11:00:59 IST" duration-ms="0" status="PASS">
          <params>
            <param index="0">
              <value>
                <![CDATA[[TestResult name=getToken status=SUCCESS method=APIBookingTesting.getToken()[pri:1, instance:com.restassured.test.APIBookingTesting@625e134e] output={null}]]]>
              </value>
            </param>
          </params>
          <reporter-output>
          </reporter-output>
        </test-method> <!-- afterMethod -->
        <test-method signature="createBooking()[pri:2, instance:com.restassured.test.APIBookingTesting@625e134e]" started-at="2024-02-23T11:00:59 IST" name="createBooking" finished-at="2024-02-23T11:01:00 IST" duration-ms="1603" status="PASS">
          <reporter-output>
          </reporter-output>
        </test-method> <!-- createBooking -->
        <test-method is-config="true" signature="beforeMethod()[pri:0, instance:com.restassured.test.APIBookingTesting@625e134e]" started-at="2024-02-23T11:00:59 IST" name="beforeMethod" finished-at="2024-02-23T11:00:59 IST" duration-ms="0" status="PASS">
          <reporter-output>
          </reporter-output>
        </test-method> <!-- beforeMethod -->
        <test-method is-config="true" signature="afterMethod(org.testng.ITestResult)[pri:0, instance:com.restassured.test.APIBookingTesting@625e134e]" started-at="2024-02-23T11:01:00 IST" name="afterMethod" finished-at="2024-02-23T11:01:00 IST" duration-ms="0" status="PASS">
          <params>
            <param index="0">
              <value>
                <![CDATA[[TestResult name=createBooking status=SUCCESS method=APIBookingTesting.createBooking()[pri:2, instance:com.restassured.test.APIBookingTesting@625e134e] output={null}]]]>
              </value>
            </param>
          </params>
          <reporter-output>
          </reporter-output>
        </test-method> <!-- afterMethod -->
        <test-method is-config="true" signature="getResult(org.testng.ITestResult)[pri:0, instance:com.restassured.test.APIBookingTesting@625e134e]" started-at="2024-02-23T11:01:00 IST" name="getResult" finished-at="2024-02-23T11:01:00 IST" duration-ms="1" status="PASS">
          <params>
            <param index="0">
              <value>
                <![CDATA[[TestResult name=createBooking status=SUCCESS method=APIBookingTesting.createBooking()[pri:2, instance:com.restassured.test.APIBookingTesting@625e134e] output={null}]]]>
              </value>
            </param>
          </params>
          <reporter-output>
          </reporter-output>
        </test-method> <!-- getResult -->
        <test-method signature="getBooking()[pri:3, instance:com.restassured.test.APIBookingTesting@625e134e]" started-at="2024-02-23T11:01:00 IST" name="getBooking" finished-at="2024-02-23T11:01:02 IST" duration-ms="1289" status="PASS">
          <reporter-output>
          </reporter-output>
        </test-method> <!-- getBooking -->
        <test-method is-config="true" signature="beforeMethod()[pri:0, instance:com.restassured.test.APIBookingTesting@625e134e]" started-at="2024-02-23T11:01:00 IST" name="beforeMethod" finished-at="2024-02-23T11:01:00 IST" duration-ms="0" status="PASS">
          <reporter-output>
          </reporter-output>
        </test-method> <!-- beforeMethod -->
        <test-method is-config="true" signature="afterMethod(org.testng.ITestResult)[pri:0, instance:com.restassured.test.APIBookingTesting@625e134e]" started-at="2024-02-23T11:01:02 IST" name="afterMethod" finished-at="2024-02-23T11:01:02 IST" duration-ms="0" status="PASS">
          <params>
            <param index="0">
              <value>
                <![CDATA[[TestResult name=getBooking status=SUCCESS method=APIBookingTesting.getBooking()[pri:3, instance:com.restassured.test.APIBookingTesting@625e134e] output={null}]]]>
              </value>
            </param>
          </params>
          <reporter-output>
          </reporter-output>
        </test-method> <!-- afterMethod -->
        <test-method is-config="true" signature="getResult(org.testng.ITestResult)[pri:0, instance:com.restassured.test.APIBookingTesting@625e134e]" started-at="2024-02-23T11:01:02 IST" name="getResult" finished-at="2024-02-23T11:01:02 IST" duration-ms="2" status="PASS">
          <params>
            <param index="0">
              <value>
                <![CDATA[[TestResult name=getBooking status=SUCCESS method=APIBookingTesting.getBooking()[pri:3, instance:com.restassured.test.APIBookingTesting@625e134e] output={null}]]]>
              </value>
            </param>
          </params>
          <reporter-output>
          </reporter-output>
        </test-method> <!-- getResult -->
        <test-method is-config="true" signature="beforeMethod()[pri:0, instance:com.restassured.test.APIBookingTesting@625e134e]" started-at="2024-02-23T11:01:02 IST" name="beforeMethod" finished-at="2024-02-23T11:01:02 IST" duration-ms="1" status="PASS">
          <reporter-output>
          </reporter-output>
        </test-method> <!-- beforeMethod -->
        <test-method signature="updateBooking()[pri:4, instance:com.restassured.test.APIBookingTesting@625e134e]" started-at="2024-02-23T11:01:02 IST" name="updateBooking" finished-at="2024-02-23T11:01:03 IST" duration-ms="1271" status="PASS">
          <reporter-output>
          </reporter-output>
        </test-method> <!-- updateBooking -->
        <test-method is-config="true" signature="afterMethod(org.testng.ITestResult)[pri:0, instance:com.restassured.test.APIBookingTesting@625e134e]" started-at="2024-02-23T11:01:03 IST" name="afterMethod" finished-at="2024-02-23T11:01:03 IST" duration-ms="1" status="PASS">
          <params>
            <param index="0">
              <value>
                <![CDATA[[TestResult name=updateBooking status=SUCCESS method=APIBookingTesting.updateBooking()[pri:4, instance:com.restassured.test.APIBookingTesting@625e134e] output={null}]]]>
              </value>
            </param>
          </params>
          <reporter-output>
          </reporter-output>
        </test-method> <!-- afterMethod -->
        <test-method is-config="true" signature="getResult(org.testng.ITestResult)[pri:0, instance:com.restassured.test.APIBookingTesting@625e134e]" started-at="2024-02-23T11:01:03 IST" name="getResult" finished-at="2024-02-23T11:01:03 IST" duration-ms="5" status="PASS">
          <params>
            <param index="0">
              <value>
                <![CDATA[[TestResult name=updateBooking status=SUCCESS method=APIBookingTesting.updateBooking()[pri:4, instance:com.restassured.test.APIBookingTesting@625e134e] output={null}]]]>
              </value>
            </param>
          </params>
          <reporter-output>
          </reporter-output>
        </test-method> <!-- getResult -->
        <test-method is-config="true" signature="beforeMethod()[pri:0, instance:com.restassured.test.APIBookingTesting@625e134e]" started-at="2024-02-23T11:01:03 IST" name="beforeMethod" finished-at="2024-02-23T11:01:03 IST" duration-ms="1" status="PASS">
          <reporter-output>
          </reporter-output>
        </test-method> <!-- beforeMethod -->
        <test-method signature="deleteBooking()[pri:5, instance:com.restassured.test.APIBookingTesting@625e134e]" started-at="2024-02-23T11:01:03 IST" name="deleteBooking" finished-at="2024-02-23T11:01:04 IST" duration-ms="1280" status="PASS">
          <reporter-output>
          </reporter-output>
        </test-method> <!-- deleteBooking -->
        <test-method is-config="true" signature="afterMethod(org.testng.ITestResult)[pri:0, instance:com.restassured.test.APIBookingTesting@625e134e]" started-at="2024-02-23T11:01:04 IST" name="afterMethod" finished-at="2024-02-23T11:01:04 IST" duration-ms="0" status="PASS">
          <params>
            <param index="0">
              <value>
                <![CDATA[[TestResult name=deleteBooking status=SUCCESS method=APIBookingTesting.deleteBooking()[pri:5, instance:com.restassured.test.APIBookingTesting@625e134e] output={null}]]]>
              </value>
            </param>
          </params>
          <reporter-output>
          </reporter-output>
        </test-method> <!-- afterMethod -->
        <test-method is-config="true" signature="getResult(org.testng.ITestResult)[pri:0, instance:com.restassured.test.APIBookingTesting@625e134e]" started-at="2024-02-23T11:01:04 IST" name="getResult" finished-at="2024-02-23T11:01:04 IST" duration-ms="2" status="PASS">
          <params>
            <param index="0">
              <value>
                <![CDATA[[TestResult name=deleteBooking status=SUCCESS method=APIBookingTesting.deleteBooking()[pri:5, instance:com.restassured.test.APIBookingTesting@625e134e] output={null}]]]>
              </value>
            </param>
          </params>
          <reporter-output>
          </reporter-output>
        </test-method> <!-- getResult -->
        <test-method is-config="true" signature="endReport()[pri:0, instance:com.restassured.test.APIBookingTesting@625e134e]" started-at="2024-02-23T11:01:04 IST" name="endReport" finished-at="2024-02-23T11:01:04 IST" duration-ms="75" status="PASS">
          <reporter-output>
          </reporter-output>
        </test-method> <!-- endReport -->
      </class> <!-- com.restassured.test.APIBookingTesting -->
    </test> <!-- TestBooking -->
    <test started-at="2024-02-23T11:01:04 IST" name="TestReqResAPIs" finished-at="2024-02-23T11:01:06 IST" duration-ms="1980">
      <class name="com.restassured.test.ReqResAPITesting">
        <test-method is-config="true" signature="setUp()[pri:0, instance:com.restassured.test.ReqResAPITesting@1a1da881]" started-at="2024-02-23T11:01:04 IST" name="setUp" finished-at="2024-02-23T11:01:04 IST" duration-ms="2" status="PASS">
          <reporter-output>
          </reporter-output>
        </test-method> <!-- setUp -->
        <test-method is-config="true" signature="setupData()[pri:0, instance:com.restassured.test.ReqResAPITesting@1a1da881]" started-at="2024-02-23T11:01:04 IST" name="setupData" finished-at="2024-02-23T11:01:04 IST" duration-ms="29" status="PASS">
          <reporter-output>
          </reporter-output>
        </test-method> <!-- setupData -->
        <test-method is-config="true" signature="beforeMethod()[pri:0, instance:com.restassured.test.ReqResAPITesting@1a1da881]" started-at="2024-02-23T11:01:04 IST" name="beforeMethod" finished-at="2024-02-23T11:01:04 IST" duration-ms="1" status="PASS">
          <reporter-output>
          </reporter-output>
        </test-method> <!-- beforeMethod -->
        <test-method signature="creatingUser()[pri:1, instance:com.restassured.test.ReqResAPITesting@1a1da881]" started-at="2024-02-23T11:01:04 IST" name="creatingUser" finished-at="2024-02-23T11:01:05 IST" duration-ms="576" status="PASS">
          <reporter-output>
          </reporter-output>
        </test-method> <!-- creatingUser -->
        <test-method is-config="true" signature="afterMethod(org.testng.ITestResult)[pri:0, instance:com.restassured.test.ReqResAPITesting@1a1da881]" started-at="2024-02-23T11:01:05 IST" name="afterMethod" finished-at="2024-02-23T11:01:05 IST" duration-ms="1" status="PASS">
          <params>
            <param index="0">
              <value>
                <![CDATA[[TestResult name=creatingUser status=SUCCESS method=ReqResAPITesting.creatingUser()[pri:1, instance:com.restassured.test.ReqResAPITesting@1a1da881] output={null}]]]>
              </value>
            </param>
          </params>
          <reporter-output>
          </reporter-output>
        </test-method> <!-- afterMethod -->
        <test-method is-config="true" signature="getResult(org.testng.ITestResult)[pri:0, instance:com.restassured.test.ReqResAPITesting@1a1da881]" started-at="2024-02-23T11:01:05 IST" name="getResult" finished-at="2024-02-23T11:01:05 IST" duration-ms="1" status="PASS">
          <params>
            <param index="0">
              <value>
                <![CDATA[[TestResult name=creatingUser status=SUCCESS method=ReqResAPITesting.creatingUser()[pri:1, instance:com.restassured.test.ReqResAPITesting@1a1da881] output={null}]]]>
              </value>
            </param>
          </params>
          <reporter-output>
          </reporter-output>
        </test-method> <!-- getResult -->
        <test-method signature="gettingAllUsers()[pri:2, instance:com.restassured.test.ReqResAPITesting@1a1da881]" started-at="2024-02-23T11:01:05 IST" name="gettingAllUsers" finished-at="2024-02-23T11:01:05 IST" duration-ms="170" status="PASS">
          <reporter-output>
          </reporter-output>
        </test-method> <!-- gettingAllUsers -->
        <test-method is-config="true" signature="beforeMethod()[pri:0, instance:com.restassured.test.ReqResAPITesting@1a1da881]" started-at="2024-02-23T11:01:05 IST" name="beforeMethod" finished-at="2024-02-23T11:01:05 IST" duration-ms="0" status="PASS">
          <reporter-output>
          </reporter-output>
        </test-method> <!-- beforeMethod -->
        <test-method is-config="true" signature="afterMethod(org.testng.ITestResult)[pri:0, instance:com.restassured.test.ReqResAPITesting@1a1da881]" started-at="2024-02-23T11:01:05 IST" name="afterMethod" finished-at="2024-02-23T11:01:05 IST" duration-ms="2" status="PASS">
          <params>
            <param index="0">
              <value>
                <![CDATA[[TestResult name=gettingAllUsers status=SUCCESS method=ReqResAPITesting.gettingAllUsers()[pri:2, instance:com.restassured.test.ReqResAPITesting@1a1da881] output={null}]]]>
              </value>
            </param>
          </params>
          <reporter-output>
          </reporter-output>
        </test-method> <!-- afterMethod -->
        <test-method is-config="true" signature="getResult(org.testng.ITestResult)[pri:0, instance:com.restassured.test.ReqResAPITesting@1a1da881]" started-at="2024-02-23T11:01:05 IST" name="getResult" finished-at="2024-02-23T11:01:05 IST" duration-ms="1" status="PASS">
          <params>
            <param index="0">
              <value>
                <![CDATA[[TestResult name=gettingAllUsers status=SUCCESS method=ReqResAPITesting.gettingAllUsers()[pri:2, instance:com.restassured.test.ReqResAPITesting@1a1da881] output={null}]]]>
              </value>
            </param>
          </params>
          <reporter-output>
          </reporter-output>
        </test-method> <!-- getResult -->
        <test-method is-config="true" signature="beforeMethod()[pri:0, instance:com.restassured.test.ReqResAPITesting@1a1da881]" started-at="2024-02-23T11:01:05 IST" name="beforeMethod" finished-at="2024-02-23T11:01:05 IST" duration-ms="1" status="PASS">
          <reporter-output>
          </reporter-output>
        </test-method> <!-- beforeMethod -->
        <test-method signature="gettingUserByUserId()[pri:3, instance:com.restassured.test.ReqResAPITesting@1a1da881]" started-at="2024-02-23T11:01:05 IST" name="gettingUserByUserId" finished-at="2024-02-23T11:01:05 IST" duration-ms="151" status="PASS">
          <reporter-output>
          </reporter-output>
        </test-method> <!-- gettingUserByUserId -->
        <test-method is-config="true" signature="afterMethod(org.testng.ITestResult)[pri:0, instance:com.restassured.test.ReqResAPITesting@1a1da881]" started-at="2024-02-23T11:01:05 IST" name="afterMethod" finished-at="2024-02-23T11:01:05 IST" duration-ms="1" status="PASS">
          <params>
            <param index="0">
              <value>
                <![CDATA[[TestResult name=gettingUserByUserId status=SUCCESS method=ReqResAPITesting.gettingUserByUserId()[pri:3, instance:com.restassured.test.ReqResAPITesting@1a1da881] output={null}]]]>
              </value>
            </param>
          </params>
          <reporter-output>
          </reporter-output>
        </test-method> <!-- afterMethod -->
        <test-method is-config="true" signature="getResult(org.testng.ITestResult)[pri:0, instance:com.restassured.test.ReqResAPITesting@1a1da881]" started-at="2024-02-23T11:01:05 IST" name="getResult" finished-at="2024-02-23T11:01:05 IST" duration-ms="1" status="PASS">
          <params>
            <param index="0">
              <value>
                <![CDATA[[TestResult name=gettingUserByUserId status=SUCCESS method=ReqResAPITesting.gettingUserByUserId()[pri:3, instance:com.restassured.test.ReqResAPITesting@1a1da881] output={null}]]]>
              </value>
            </param>
          </params>
          <reporter-output>
          </reporter-output>
        </test-method> <!-- getResult -->
        <test-method signature="updateUserByUserId()[pri:4, instance:com.restassured.test.ReqResAPITesting@1a1da881]" started-at="2024-02-23T11:01:05 IST" name="updateUserByUserId" finished-at="2024-02-23T11:01:06 IST" duration-ms="438" status="PASS">
          <reporter-output>
          </reporter-output>
        </test-method> <!-- updateUserByUserId -->
        <test-method is-config="true" signature="beforeMethod()[pri:0, instance:com.restassured.test.ReqResAPITesting@1a1da881]" started-at="2024-02-23T11:01:05 IST" name="beforeMethod" finished-at="2024-02-23T11:01:05 IST" duration-ms="0" status="PASS">
          <reporter-output>
          </reporter-output>
        </test-method> <!-- beforeMethod -->
        <test-method is-config="true" signature="afterMethod(org.testng.ITestResult)[pri:0, instance:com.restassured.test.ReqResAPITesting@1a1da881]" started-at="2024-02-23T11:01:06 IST" name="afterMethod" finished-at="2024-02-23T11:01:06 IST" duration-ms="1" status="PASS">
          <params>
            <param index="0">
              <value>
                <![CDATA[[TestResult name=updateUserByUserId status=SUCCESS method=ReqResAPITesting.updateUserByUserId()[pri:4, instance:com.restassured.test.ReqResAPITesting@1a1da881] output={null}]]]>
              </value>
            </param>
          </params>
          <reporter-output>
          </reporter-output>
        </test-method> <!-- afterMethod -->
        <test-method is-config="true" signature="getResult(org.testng.ITestResult)[pri:0, instance:com.restassured.test.ReqResAPITesting@1a1da881]" started-at="2024-02-23T11:01:06 IST" name="getResult" finished-at="2024-02-23T11:01:06 IST" duration-ms="3" status="PASS">
          <params>
            <param index="0">
              <value>
                <![CDATA[[TestResult name=updateUserByUserId status=SUCCESS method=ReqResAPITesting.updateUserByUserId()[pri:4, instance:com.restassured.test.ReqResAPITesting@1a1da881] output={null}]]]>
              </value>
            </param>
          </params>
          <reporter-output>
          </reporter-output>
        </test-method> <!-- getResult -->
        <test-method signature="deleteUserByUserId()[pri:5, instance:com.restassured.test.ReqResAPITesting@1a1da881]" started-at="2024-02-23T11:01:06 IST" name="deleteUserByUserId" finished-at="2024-02-23T11:01:06 IST" duration-ms="459" status="PASS">
          <reporter-output>
          </reporter-output>
        </test-method> <!-- deleteUserByUserId -->
        <test-method is-config="true" signature="beforeMethod()[pri:0, instance:com.restassured.test.ReqResAPITesting@1a1da881]" started-at="2024-02-23T11:01:06 IST" name="beforeMethod" finished-at="2024-02-23T11:01:06 IST" duration-ms="0" status="PASS">
          <reporter-output>
          </reporter-output>
        </test-method> <!-- beforeMethod -->
        <test-method is-config="true" signature="afterMethod(org.testng.ITestResult)[pri:0, instance:com.restassured.test.ReqResAPITesting@1a1da881]" started-at="2024-02-23T11:01:06 IST" name="afterMethod" finished-at="2024-02-23T11:01:06 IST" duration-ms="0" status="PASS">
          <params>
            <param index="0">
              <value>
                <![CDATA[[TestResult name=deleteUserByUserId status=SUCCESS method=ReqResAPITesting.deleteUserByUserId()[pri:5, instance:com.restassured.test.ReqResAPITesting@1a1da881] output={null}]]]>
              </value>
            </param>
          </params>
          <reporter-output>
          </reporter-output>
        </test-method> <!-- afterMethod -->
        <test-method is-config="true" signature="getResult(org.testng.ITestResult)[pri:0, instance:com.restassured.test.ReqResAPITesting@1a1da881]" started-at="2024-02-23T11:01:06 IST" name="getResult" finished-at="2024-02-23T11:01:06 IST" duration-ms="2" status="PASS">
          <params>
            <param index="0">
              <value>
                <![CDATA[[TestResult name=deleteUserByUserId status=SUCCESS method=ReqResAPITesting.deleteUserByUserId()[pri:5, instance:com.restassured.test.ReqResAPITesting@1a1da881] output={null}]]]>
              </value>
            </param>
          </params>
          <reporter-output>
          </reporter-output>
        </test-method> <!-- getResult -->
        <test-method is-config="true" signature="endReport()[pri:0, instance:com.restassured.test.ReqResAPITesting@1a1da881]" started-at="2024-02-23T11:01:06 IST" name="endReport" finished-at="2024-02-23T11:01:06 IST" duration-ms="120" status="PASS">
          <reporter-output>
          </reporter-output>
        </test-method> <!-- endReport -->
      </class> <!-- com.restassured.test.ReqResAPITesting -->
    </test> <!-- TestReqResAPIs -->
  </suite> <!-- Suite -->
</testng-results>
